<?xml version="1.0" encoding="UTF-8"?>
  <testsuite tests="12" failures="2" time="2759.3523156">
      <testcase name="Elasticsearch Test General - should run successfully" classname="e2e Suite" time="294.433223177"></testcase>
      <testcase name="Elasticsearch Test General Dedicated elasticsearch should run successfully" classname="e2e Suite" time="348.56017828"></testcase>
      <testcase name="Elasticsearch Test DoNotPause should work successfully" classname="e2e Suite" time="118.29840476"></testcase>
      <testcase name="Elasticsearch Test Snapshot In Local should take Snapshot successfully" classname="e2e Suite" time="181.87236582"></testcase>
      <testcase name="Elasticsearch Test Snapshot In S3 should take Snapshot successfully" classname="e2e Suite" time="248.111738104"></testcase>
      <testcase name="Elasticsearch Test Snapshot In GCS should take Snapshot successfully" classname="e2e Suite" time="121.051947153"></testcase>
      <testcase name="Elasticsearch Test Snapshot In Azure should take Snapshot successfully" classname="e2e Suite" time="122.613238168">
          <failure type="Failure">/home/maruf/go/src/github.com/kubedb/elasticsearch/test/e2e/elasticsearch_test.go:274&#xA;Expected error:&#xA;    &lt;*errors.StatusError | 0xc4201350e0&gt;: {&#xA;        ErrStatus: {&#xA;            TypeMeta: {Kind: &#34;&#34;, APIVersion: &#34;&#34;},&#xA;            ListMeta: {SelfLink: &#34;&#34;, ResourceVersion: &#34;&#34;, Continue: &#34;&#34;},&#xA;            Status: &#34;Failure&#34;,&#xA;            Message: &#34;snapshots.kubedb.com \&#34;snapshot-r5i6dc\&#34; not found&#34;,&#xA;            Reason: &#34;NotFound&#34;,&#xA;            Details: {&#xA;                Name: &#34;snapshot-r5i6dc&#34;,&#xA;                Group: &#34;kubedb.com&#34;,&#xA;                Kind: &#34;snapshots&#34;,&#xA;                UID: &#34;&#34;,&#xA;                Causes: nil,&#xA;                RetryAfterSeconds: 0,&#xA;            },&#xA;            Code: 404,&#xA;        },&#xA;    }&#xA;    snapshots.kubedb.com &#34;snapshot-r5i6dc&#34; not found&#xA;not to have occurred&#xA;/home/maruf/go/src/github.com/kubedb/elasticsearch/test/e2e/framework/snapshot.go:47</failure>
          <system-out>[BeforeEach] Elasticsearch&#xA;  /home/maruf/go/src/github.com/kubedb/elasticsearch/test/e2e/elasticsearch_test.go:33&#xA;[BeforeEach] Snapshot&#xA;  /home/maruf/go/src/github.com/kubedb/elasticsearch/test/e2e/elasticsearch_test.go:201&#xA;[BeforeEach] In Azure&#xA;  /home/maruf/go/src/github.com/kubedb/elasticsearch/test/e2e/elasticsearch_test.go:266&#xA;[It] should take Snapshot successfully&#xA;  /home/maruf/go/src/github.com/kubedb/elasticsearch/test/e2e/elasticsearch_test.go:274&#xA;�[1mSTEP�[0m: Create Elasticsearch: elasticsearch-tl5kg6&#xA;�[1mSTEP�[0m: Wait for Running elasticsearch&#xA;�[1mSTEP�[0m: Create Secret&#xA;�[1mSTEP�[0m: Create Snapshot&#xA;�[1mSTEP�[0m: Check for Successed snapshot&#xA;[AfterEach] Elasticsearch&#xA;  /home/maruf/go/src/github.com/kubedb/elasticsearch/test/e2e/elasticsearch_test.go:78&#xA;�[1mSTEP�[0m: Delete elasticsearch: elasticsearch-tl5kg6&#xA;�[1mSTEP�[0m: Wait for elasticsearch to be paused&#xA;�[1mSTEP�[0m: Set DormantDatabase Spec.WipeOut to true&#xA;�[1mSTEP�[0m: Delete Dormant Database&#xA;�[1mSTEP�[0m: Wait for elasticsearch resources to be wipedOut&#xA;�[1mSTEP�[0m: Check for snapshot data&#xA;</system-out>
      </testcase>
      <testcase name="Elasticsearch Test Snapshot In Swift should take Snapshot successfully" classname="e2e Suite" time="117.71875504">
          <failure type="Failure">/home/maruf/go/src/github.com/kubedb/elasticsearch/test/e2e/elasticsearch_test.go:286&#xA;Expected error:&#xA;    &lt;*errors.StatusError | 0xc42002ac60&gt;: {&#xA;        ErrStatus: {&#xA;            TypeMeta: {Kind: &#34;&#34;, APIVersion: &#34;&#34;},&#xA;            ListMeta: {SelfLink: &#34;&#34;, ResourceVersion: &#34;&#34;, Continue: &#34;&#34;},&#xA;            Status: &#34;Failure&#34;,&#xA;            Message: &#34;snapshots.kubedb.com \&#34;snapshot-wyudrw\&#34; not found&#34;,&#xA;            Reason: &#34;NotFound&#34;,&#xA;            Details: {&#xA;                Name: &#34;snapshot-wyudrw&#34;,&#xA;                Group: &#34;kubedb.com&#34;,&#xA;                Kind: &#34;snapshots&#34;,&#xA;                UID: &#34;&#34;,&#xA;                Causes: nil,&#xA;                RetryAfterSeconds: 0,&#xA;            },&#xA;            Code: 404,&#xA;        },&#xA;    }&#xA;    snapshots.kubedb.com &#34;snapshot-wyudrw&#34; not found&#xA;not to have occurred&#xA;/home/maruf/go/src/github.com/kubedb/elasticsearch/test/e2e/framework/snapshot.go:47</failure>
          <system-out>[BeforeEach] Elasticsearch&#xA;  /home/maruf/go/src/github.com/kubedb/elasticsearch/test/e2e/elasticsearch_test.go:33&#xA;[BeforeEach] Snapshot&#xA;  /home/maruf/go/src/github.com/kubedb/elasticsearch/test/e2e/elasticsearch_test.go:201&#xA;[BeforeEach] In Swift&#xA;  /home/maruf/go/src/github.com/kubedb/elasticsearch/test/e2e/elasticsearch_test.go:278&#xA;[It] should take Snapshot successfully&#xA;  /home/maruf/go/src/github.com/kubedb/elasticsearch/test/e2e/elasticsearch_test.go:286&#xA;�[1mSTEP�[0m: Create Elasticsearch: elasticsearch-smwzkz&#xA;�[1mSTEP�[0m: Wait for Running elasticsearch&#xA;�[1mSTEP�[0m: Create Secret&#xA;�[1mSTEP�[0m: Create Snapshot&#xA;�[1mSTEP�[0m: Check for Successed snapshot&#xA;[AfterEach] Elasticsearch&#xA;  /home/maruf/go/src/github.com/kubedb/elasticsearch/test/e2e/elasticsearch_test.go:78&#xA;�[1mSTEP�[0m: Delete elasticsearch: elasticsearch-smwzkz&#xA;�[1mSTEP�[0m: Wait for elasticsearch to be paused&#xA;�[1mSTEP�[0m: Set DormantDatabase Spec.WipeOut to true&#xA;�[1mSTEP�[0m: Delete Dormant Database&#xA;�[1mSTEP�[0m: Wait for elasticsearch resources to be wipedOut&#xA;�[1mSTEP�[0m: Check for snapshot data&#xA;</system-out>
      </testcase>
      <testcase name="Elasticsearch Test Initialize should run successfully" classname="e2e Suite" time="428.172634393"></testcase>
      <testcase name="Elasticsearch Test Resume - should resume DormantDatabase successfully" classname="e2e Suite" time="233.492038869"></testcase>
      <testcase name="Elasticsearch Test SnapshotScheduler With Startup should run schedular successfully" classname="e2e Suite" time="239.620435001"></testcase>
      <testcase name="Elasticsearch Test SnapshotScheduler With Update should run schedular successfully" classname="e2e Suite" time="297.717750305"></testcase>
  </testsuite>